{"/Users/manuelbenancio/Documents/Development.nosync/Projects/mercadlo@vue3/server/app.ts": {"path":"/Users/manuelbenancio/Documents/Development.nosync/Projects/mercadlo@vue3/server/app.ts","statementMap":{"0":{"start":{"line":13,"column":0},"end":{"line":13,"column":16}},"1":{"start":{"line":14,"column":15},"end":{"line":14,"column":30}},"2":{"start":{"line":16,"column":0},"end":{"line":18,"column":1}},"3":{"start":{"line":17,"column":1},"end":{"line":17,"column":20}},"4":{"start":{"line":20,"column":19},"end":{"line":20,"column":28}},"5":{"start":{"line":23,"column":0},"end":{"line":23,"column":35}},"6":{"start":{"line":24,"column":0},"end":{"line":24,"column":46}},"7":{"start":{"line":27,"column":0},"end":{"line":27,"column":51}},"8":{"start":{"line":28,"column":0},"end":{"line":28,"column":27}},"9":{"start":{"line":29,"column":0},"end":{"line":29,"column":24}},"10":{"start":{"line":32,"column":0},"end":{"line":32,"column":20}},"11":{"start":{"line":35,"column":0},"end":{"line":35,"column":30}},"12":{"start":{"line":36,"column":0},"end":{"line":36,"column":36}},"13":{"start":{"line":37,"column":0},"end":{"line":37,"column":30}},"14":{"start":{"line":40,"column":0},"end":{"line":40,"column":19}},"15":{"start":{"line":43,"column":0},"end":{"line":43,"column":22}},"16":{"start":{"line":45,"column":0},"end":{"line":47,"column":1}},"17":{"start":{"line":46,"column":1},"end":{"line":46,"column":100}},"18":{"start":{"line":46,"column":41},"end":{"line":46,"column":98}}},"fnMap":{"0":{"name":"(anonymous_0)","decl":{"start":{"line":46,"column":35},"end":{"line":46,"column":36}},"loc":{"start":{"line":46,"column":41},"end":{"line":46,"column":98}},"line":46}},"branchMap":{"0":{"loc":{"start":{"line":16,"column":0},"end":{"line":18,"column":1}},"type":"if","locations":[{"start":{"line":16,"column":0},"end":{"line":18,"column":1}},{"start":{},"end":{}}],"line":16},"1":{"loc":{"start":{"line":24,"column":17},"end":{"line":24,"column":44}},"type":"binary-expr","locations":[{"start":{"line":24,"column":17},"end":{"line":24,"column":38}},{"start":{"line":24,"column":42},"end":{"line":24,"column":44}}],"line":24},"2":{"loc":{"start":{"line":45,"column":0},"end":{"line":47,"column":1}},"type":"if","locations":[{"start":{"line":45,"column":0},"end":{"line":47,"column":1}},{"start":{},"end":{}}],"line":45}},"s":{"0":3,"1":3,"2":3,"3":0,"4":3,"5":3,"6":3,"7":3,"8":3,"9":3,"10":3,"11":3,"12":3,"13":3,"14":3,"15":3,"16":3,"17":0,"18":0},"f":{"0":0},"b":{"0":[0,3],"1":[3,0],"2":[0,3]},"_coverageSchema":"1a1c01bbd47fc00a2c39e90264f33305004495a9","hash":"74d7c6e9166063417e731fdc95f268947ab1cdd9"}
,"/Users/manuelbenancio/Documents/Development.nosync/Projects/mercadlo@vue3/server/src/composables/useCreateToken.ts": {"path":"/Users/manuelbenancio/Documents/Development.nosync/Projects/mercadlo@vue3/server/src/composables/useCreateToken.ts","statementMap":{"0":{"start":{"line":2,"column":14},"end":{"line":2,"column":29}},"1":{"start":{"line":3,"column":12},"end":{"line":3,"column":25}},"2":{"start":{"line":4,"column":13},"end":{"line":4,"column":36}},"3":{"start":{"line":6,"column":18},"end":{"line":6,"column":53}},"4":{"start":{"line":7,"column":20},"end":{"line":7,"column":85}},"5":{"start":{"line":9,"column":1},"end":{"line":12,"column":4}}},"fnMap":{"0":{"name":"(anonymous_0)","decl":{"start":{"line":1,"column":15},"end":{"line":1,"column":16}},"loc":{"start":{"line":1,"column":50},"end":{"line":13,"column":1}},"line":1}},"branchMap":{},"s":{"0":3,"1":3,"2":3,"3":3,"4":3,"5":3},"f":{"0":3},"b":{},"_coverageSchema":"1a1c01bbd47fc00a2c39e90264f33305004495a9","hash":"f8c16fed5e429f82aef394579af025c43cd065b2"}
,"/Users/manuelbenancio/Documents/Development.nosync/Projects/mercadlo@vue3/server/src/composables/useVerifyToken.ts": {"path":"/Users/manuelbenancio/Documents/Development.nosync/Projects/mercadlo@vue3/server/src/composables/useVerifyToken.ts","statementMap":{"0":{"start":{"line":2,"column":12},"end":{"line":2,"column":25}},"1":{"start":{"line":3,"column":13},"end":{"line":3,"column":36}},"2":{"start":{"line":4,"column":14},"end":{"line":4,"column":29}},"3":{"start":{"line":6,"column":18},"end":{"line":6,"column":53}},"4":{"start":{"line":7,"column":19},"end":{"line":7,"column":87}},"5":{"start":{"line":8,"column":1},"end":{"line":8,"column":64}}},"fnMap":{"0":{"name":"(anonymous_0)","decl":{"start":{"line":1,"column":15},"end":{"line":1,"column":16}},"loc":{"start":{"line":1,"column":65},"end":{"line":9,"column":1}},"line":1}},"branchMap":{},"s":{"0":21,"1":21,"2":21,"3":21,"4":21,"5":21},"f":{"0":21},"b":{},"_coverageSchema":"1a1c01bbd47fc00a2c39e90264f33305004495a9","hash":"138727f0c8b870dbd87d2dcedbcf1ec19258f712"}
,"/Users/manuelbenancio/Documents/Development.nosync/Projects/mercadlo@vue3/server/src/controllers/list.controller.ts": {"path":"/Users/manuelbenancio/Documents/Development.nosync/Projects/mercadlo@vue3/server/src/controllers/list.controller.ts","statementMap":{"0":{"start":{"line":7,"column":2},"end":{"line":12,"column":3}},"1":{"start":{"line":8,"column":17},"end":{"line":8,"column":61}},"2":{"start":{"line":9,"column":3},"end":{"line":9,"column":31}},"3":{"start":{"line":11,"column":3},"end":{"line":11,"column":64}},"4":{"start":{"line":17,"column":2},"end":{"line":25,"column":3}},"5":{"start":{"line":18,"column":16},"end":{"line":18,"column":50}},"6":{"start":{"line":19,"column":3},"end":{"line":21,"column":4}},"7":{"start":{"line":20,"column":4},"end":{"line":20,"column":63}},"8":{"start":{"line":22,"column":3},"end":{"line":22,"column":30}},"9":{"start":{"line":24,"column":3},"end":{"line":24,"column":63}},"10":{"start":{"line":30,"column":2},"end":{"line":40,"column":3}},"11":{"start":{"line":31,"column":19},"end":{"line":35,"column":5}},"12":{"start":{"line":36,"column":21},"end":{"line":36,"column":41}},"13":{"start":{"line":37,"column":3},"end":{"line":37,"column":35}},"14":{"start":{"line":39,"column":3},"end":{"line":39,"column":53}},"15":{"start":{"line":45,"column":2},"end":{"line":59,"column":3}},"16":{"start":{"line":46,"column":23},"end":{"line":52,"column":4}},"17":{"start":{"line":53,"column":3},"end":{"line":55,"column":4}},"18":{"start":{"line":54,"column":4},"end":{"line":54,"column":63}},"19":{"start":{"line":56,"column":3},"end":{"line":56,"column":37}},"20":{"start":{"line":58,"column":3},"end":{"line":58,"column":53}},"21":{"start":{"line":64,"column":2},"end":{"line":72,"column":3}},"22":{"start":{"line":65,"column":23},"end":{"line":65,"column":66}},"23":{"start":{"line":66,"column":3},"end":{"line":68,"column":4}},"24":{"start":{"line":67,"column":4},"end":{"line":67,"column":63}},"25":{"start":{"line":69,"column":3},"end":{"line":69,"column":53}},"26":{"start":{"line":71,"column":3},"end":{"line":71,"column":64}}},"fnMap":{"0":{"name":"(anonymous_0)","decl":{"start":{"line":6,"column":1},"end":{"line":6,"column":2}},"loc":{"start":{"line":6,"column":57},"end":{"line":13,"column":2}},"line":6},"1":{"name":"(anonymous_1)","decl":{"start":{"line":16,"column":1},"end":{"line":16,"column":2}},"loc":{"start":{"line":16,"column":58},"end":{"line":26,"column":2}},"line":16},"2":{"name":"(anonymous_2)","decl":{"start":{"line":29,"column":1},"end":{"line":29,"column":2}},"loc":{"start":{"line":29,"column":54},"end":{"line":41,"column":2}},"line":29},"3":{"name":"(anonymous_3)","decl":{"start":{"line":44,"column":1},"end":{"line":44,"column":2}},"loc":{"start":{"line":44,"column":57},"end":{"line":60,"column":2}},"line":44},"4":{"name":"(anonymous_4)","decl":{"start":{"line":63,"column":1},"end":{"line":63,"column":2}},"loc":{"start":{"line":63,"column":57},"end":{"line":73,"column":2}},"line":63}},"branchMap":{"0":{"loc":{"start":{"line":19,"column":3},"end":{"line":21,"column":4}},"type":"if","locations":[{"start":{"line":19,"column":3},"end":{"line":21,"column":4}},{"start":{},"end":{}}],"line":19},"1":{"loc":{"start":{"line":53,"column":3},"end":{"line":55,"column":4}},"type":"if","locations":[{"start":{"line":53,"column":3},"end":{"line":55,"column":4}},{"start":{},"end":{}}],"line":53},"2":{"loc":{"start":{"line":66,"column":3},"end":{"line":68,"column":4}},"type":"if","locations":[{"start":{"line":66,"column":3},"end":{"line":68,"column":4}},{"start":{},"end":{}}],"line":66}},"s":{"0":1,"1":1,"2":1,"3":0,"4":2,"5":2,"6":2,"7":1,"8":1,"9":0,"10":2,"11":2,"12":2,"13":1,"14":1,"15":3,"16":3,"17":2,"18":1,"19":1,"20":1,"21":2,"22":2,"23":2,"24":1,"25":1,"26":0},"f":{"0":1,"1":2,"2":2,"3":3,"4":2},"b":{"0":[1,1],"1":[1,1],"2":[1,1]},"_coverageSchema":"1a1c01bbd47fc00a2c39e90264f33305004495a9","hash":"7c7dda15d84e1e526fa816e99fdaeab1c9fb8dd8"}
,"/Users/manuelbenancio/Documents/Development.nosync/Projects/mercadlo@vue3/server/src/controllers/product.controller.ts": {"path":"/Users/manuelbenancio/Documents/Development.nosync/Projects/mercadlo@vue3/server/src/controllers/product.controller.ts","statementMap":{"0":{"start":{"line":7,"column":2},"end":{"line":12,"column":3}},"1":{"start":{"line":8,"column":20},"end":{"line":8,"column":71}},"2":{"start":{"line":9,"column":3},"end":{"line":9,"column":34}},"3":{"start":{"line":11,"column":3},"end":{"line":11,"column":67}},"4":{"start":{"line":17,"column":2},"end":{"line":25,"column":3}},"5":{"start":{"line":18,"column":19},"end":{"line":18,"column":56}},"6":{"start":{"line":19,"column":3},"end":{"line":21,"column":4}},"7":{"start":{"line":20,"column":4},"end":{"line":20,"column":66}},"8":{"start":{"line":22,"column":3},"end":{"line":22,"column":33}},"9":{"start":{"line":24,"column":3},"end":{"line":24,"column":66}},"10":{"start":{"line":30,"column":2},"end":{"line":40,"column":3}},"11":{"start":{"line":31,"column":22},"end":{"line":35,"column":5}},"12":{"start":{"line":36,"column":24},"end":{"line":36,"column":47}},"13":{"start":{"line":37,"column":3},"end":{"line":37,"column":38}},"14":{"start":{"line":39,"column":3},"end":{"line":39,"column":56}},"15":{"start":{"line":45,"column":2},"end":{"line":60,"column":3}},"16":{"start":{"line":46,"column":26},"end":{"line":53,"column":4}},"17":{"start":{"line":54,"column":3},"end":{"line":56,"column":4}},"18":{"start":{"line":55,"column":4},"end":{"line":55,"column":66}},"19":{"start":{"line":57,"column":3},"end":{"line":57,"column":40}},"20":{"start":{"line":59,"column":3},"end":{"line":59,"column":56}},"21":{"start":{"line":65,"column":2},"end":{"line":73,"column":3}},"22":{"start":{"line":66,"column":19},"end":{"line":66,"column":65}},"23":{"start":{"line":67,"column":3},"end":{"line":69,"column":4}},"24":{"start":{"line":68,"column":4},"end":{"line":68,"column":66}},"25":{"start":{"line":70,"column":3},"end":{"line":70,"column":56}},"26":{"start":{"line":72,"column":3},"end":{"line":72,"column":67}}},"fnMap":{"0":{"name":"(anonymous_0)","decl":{"start":{"line":6,"column":1},"end":{"line":6,"column":2}},"loc":{"start":{"line":6,"column":57},"end":{"line":13,"column":2}},"line":6},"1":{"name":"(anonymous_1)","decl":{"start":{"line":16,"column":1},"end":{"line":16,"column":2}},"loc":{"start":{"line":16,"column":58},"end":{"line":26,"column":2}},"line":16},"2":{"name":"(anonymous_2)","decl":{"start":{"line":29,"column":1},"end":{"line":29,"column":2}},"loc":{"start":{"line":29,"column":54},"end":{"line":41,"column":2}},"line":29},"3":{"name":"(anonymous_3)","decl":{"start":{"line":44,"column":1},"end":{"line":44,"column":2}},"loc":{"start":{"line":44,"column":57},"end":{"line":61,"column":2}},"line":44},"4":{"name":"(anonymous_4)","decl":{"start":{"line":64,"column":1},"end":{"line":64,"column":2}},"loc":{"start":{"line":64,"column":57},"end":{"line":74,"column":2}},"line":64}},"branchMap":{"0":{"loc":{"start":{"line":19,"column":3},"end":{"line":21,"column":4}},"type":"if","locations":[{"start":{"line":19,"column":3},"end":{"line":21,"column":4}},{"start":{},"end":{}}],"line":19},"1":{"loc":{"start":{"line":54,"column":3},"end":{"line":56,"column":4}},"type":"if","locations":[{"start":{"line":54,"column":3},"end":{"line":56,"column":4}},{"start":{},"end":{}}],"line":54},"2":{"loc":{"start":{"line":67,"column":3},"end":{"line":69,"column":4}},"type":"if","locations":[{"start":{"line":67,"column":3},"end":{"line":69,"column":4}},{"start":{},"end":{}}],"line":67}},"s":{"0":1,"1":1,"2":1,"3":0,"4":2,"5":2,"6":2,"7":1,"8":1,"9":0,"10":2,"11":2,"12":2,"13":1,"14":1,"15":3,"16":3,"17":2,"18":1,"19":1,"20":1,"21":2,"22":2,"23":2,"24":1,"25":1,"26":0},"f":{"0":1,"1":2,"2":2,"3":3,"4":2},"b":{"0":[1,1],"1":[1,1],"2":[1,1]},"_coverageSchema":"1a1c01bbd47fc00a2c39e90264f33305004495a9","hash":"e45bb3dea400c5d775ead48c1f41dad9dccb1615"}
,"/Users/manuelbenancio/Documents/Development.nosync/Projects/mercadlo@vue3/server/src/controllers/user.controller.ts": {"path":"/Users/manuelbenancio/Documents/Development.nosync/Projects/mercadlo@vue3/server/src/controllers/user.controller.ts","statementMap":{"0":{"start":{"line":11,"column":30},"end":{"line":11,"column":61}},"1":{"start":{"line":12,"column":2},"end":{"line":14,"column":3}},"2":{"start":{"line":13,"column":3},"end":{"line":13,"column":39}},"3":{"start":{"line":17,"column":22},"end":{"line":17,"column":67}},"4":{"start":{"line":18,"column":2},"end":{"line":21,"column":3}},"5":{"start":{"line":19,"column":3},"end":{"line":19,"column":41}},"6":{"start":{"line":20,"column":3},"end":{"line":20,"column":39}},"7":{"start":{"line":24,"column":15},"end":{"line":24,"column":39}},"8":{"start":{"line":25,"column":25},"end":{"line":25,"column":67}},"9":{"start":{"line":29,"column":2},"end":{"line":41,"column":3}},"10":{"start":{"line":30,"column":19},"end":{"line":34,"column":5}},"11":{"start":{"line":36,"column":21},"end":{"line":36,"column":41}},"12":{"start":{"line":37,"column":3},"end":{"line":37,"column":74}},"13":{"start":{"line":39,"column":3},"end":{"line":39,"column":22}},"14":{"start":{"line":40,"column":3},"end":{"line":40,"column":67}},"15":{"start":{"line":47,"column":30},"end":{"line":47,"column":58}},"16":{"start":{"line":48,"column":2},"end":{"line":50,"column":3}},"17":{"start":{"line":49,"column":3},"end":{"line":49,"column":39}},"18":{"start":{"line":53,"column":15},"end":{"line":53,"column":60}},"19":{"start":{"line":54,"column":2},"end":{"line":56,"column":3}},"20":{"start":{"line":55,"column":3},"end":{"line":55,"column":73}},"21":{"start":{"line":59,"column":18},"end":{"line":59,"column":72}},"22":{"start":{"line":60,"column":2},"end":{"line":62,"column":3}},"23":{"start":{"line":61,"column":3},"end":{"line":61,"column":73}},"24":{"start":{"line":65,"column":16},"end":{"line":65,"column":42}},"25":{"start":{"line":67,"column":2},"end":{"line":67,"column":49}},"26":{"start":{"line":70,"column":2},"end":{"line":70,"column":34}}},"fnMap":{"0":{"name":"(anonymous_0)","decl":{"start":{"line":9,"column":1},"end":{"line":9,"column":2}},"loc":{"start":{"line":9,"column":59},"end":{"line":42,"column":2}},"line":9},"1":{"name":"(anonymous_1)","decl":{"start":{"line":45,"column":1},"end":{"line":45,"column":2}},"loc":{"start":{"line":45,"column":56},"end":{"line":71,"column":2}},"line":45}},"branchMap":{"0":{"loc":{"start":{"line":12,"column":2},"end":{"line":14,"column":3}},"type":"if","locations":[{"start":{"line":12,"column":2},"end":{"line":14,"column":3}},{"start":{},"end":{}}],"line":12},"1":{"loc":{"start":{"line":18,"column":2},"end":{"line":21,"column":3}},"type":"if","locations":[{"start":{"line":18,"column":2},"end":{"line":21,"column":3}},{"start":{},"end":{}}],"line":18},"2":{"loc":{"start":{"line":48,"column":2},"end":{"line":50,"column":3}},"type":"if","locations":[{"start":{"line":48,"column":2},"end":{"line":50,"column":3}},{"start":{},"end":{}}],"line":48},"3":{"loc":{"start":{"line":54,"column":2},"end":{"line":56,"column":3}},"type":"if","locations":[{"start":{"line":54,"column":2},"end":{"line":56,"column":3}},{"start":{},"end":{}}],"line":54},"4":{"loc":{"start":{"line":60,"column":2},"end":{"line":62,"column":3}},"type":"if","locations":[{"start":{"line":60,"column":2},"end":{"line":62,"column":3}},{"start":{},"end":{}}],"line":60}},"s":{"0":4,"1":4,"2":3,"3":1,"4":1,"5":0,"6":0,"7":1,"8":1,"9":1,"10":1,"11":1,"12":1,"13":0,"14":0,"15":3,"16":3,"17":0,"18":3,"19":3,"20":1,"21":2,"22":2,"23":1,"24":1,"25":1,"26":1},"f":{"0":4,"1":3},"b":{"0":[3,1],"1":[0,1],"2":[0,3],"3":[1,2],"4":[1,1]},"_coverageSchema":"1a1c01bbd47fc00a2c39e90264f33305004495a9","hash":"07ffb7f68a4eed0d7644771700e2b219f29ade08"}
,"/Users/manuelbenancio/Documents/Development.nosync/Projects/mercadlo@vue3/server/src/middleware/handle404.ts": {"path":"/Users/manuelbenancio/Documents/Development.nosync/Projects/mercadlo@vue3/server/src/middleware/handle404.ts","statementMap":{"0":{"start":{"line":4,"column":1},"end":{"line":4,"column":54}}},"fnMap":{"0":{"name":"handle404","decl":{"start":{"line":3,"column":16},"end":{"line":3,"column":25}},"loc":{"start":{"line":3,"column":55},"end":{"line":5,"column":1}},"line":3}},"branchMap":{},"s":{"0":0},"f":{"0":0},"b":{},"_coverageSchema":"1a1c01bbd47fc00a2c39e90264f33305004495a9","hash":"b62aaf6a4f097c797234d2108b3533324e34b1bd"}
,"/Users/manuelbenancio/Documents/Development.nosync/Projects/mercadlo@vue3/server/src/middleware/handleCORS.ts": {"path":"/Users/manuelbenancio/Documents/Development.nosync/Projects/mercadlo@vue3/server/src/middleware/handleCORS.ts","statementMap":{"0":{"start":{"line":4,"column":1},"end":{"line":4,"column":48}},"1":{"start":{"line":5,"column":1},"end":{"line":5,"column":109}},"2":{"start":{"line":6,"column":1},"end":{"line":9,"column":2}},"3":{"start":{"line":7,"column":2},"end":{"line":7,"column":78}},"4":{"start":{"line":8,"column":2},"end":{"line":8,"column":34}},"5":{"start":{"line":10,"column":1},"end":{"line":10,"column":8}}},"fnMap":{"0":{"name":"handleCORS","decl":{"start":{"line":3,"column":16},"end":{"line":3,"column":26}},"loc":{"start":{"line":3,"column":76},"end":{"line":11,"column":1}},"line":3}},"branchMap":{"0":{"loc":{"start":{"line":6,"column":1},"end":{"line":9,"column":2}},"type":"if","locations":[{"start":{"line":6,"column":1},"end":{"line":9,"column":2}},{"start":{},"end":{}}],"line":6}},"s":{"0":28,"1":28,"2":28,"3":0,"4":0,"5":28},"f":{"0":28},"b":{"0":[0,28]},"_coverageSchema":"1a1c01bbd47fc00a2c39e90264f33305004495a9","hash":"ef6c3d8298354929672c70ca382d2e3a372e3a1b"}
,"/Users/manuelbenancio/Documents/Development.nosync/Projects/mercadlo@vue3/server/src/middleware/handleErrors.ts": {"path":"/Users/manuelbenancio/Documents/Development.nosync/Projects/mercadlo@vue3/server/src/middleware/handleErrors.ts","statementMap":{"0":{"start":{"line":4,"column":1},"end":{"line":4,"column":20}},"1":{"start":{"line":5,"column":1},"end":{"line":5,"column":67}}},"fnMap":{"0":{"name":"handleErrors","decl":{"start":{"line":3,"column":16},"end":{"line":3,"column":28}},"loc":{"start":{"line":3,"column":88},"end":{"line":6,"column":1}},"line":3}},"branchMap":{},"s":{"0":0,"1":0},"f":{"0":0},"b":{},"_coverageSchema":"1a1c01bbd47fc00a2c39e90264f33305004495a9","hash":"7911c5a6774d135b765969c87313be9a63bd55fe"}
,"/Users/manuelbenancio/Documents/Development.nosync/Projects/mercadlo@vue3/server/src/middleware/handleValidateId.ts": {"path":"/Users/manuelbenancio/Documents/Development.nosync/Projects/mercadlo@vue3/server/src/middleware/handleValidateId.ts","statementMap":{"0":{"start":{"line":5,"column":1},"end":{"line":16,"column":2}},"1":{"start":{"line":6,"column":8},"end":{"line":8,"column":9}},"2":{"start":{"line":7,"column":12},"end":{"line":7,"column":26}},"3":{"start":{"line":9,"column":8},"end":{"line":11,"column":9}},"4":{"start":{"line":10,"column":3},"end":{"line":10,"column":65}},"5":{"start":{"line":12,"column":2},"end":{"line":12,"column":9}},"6":{"start":{"line":14,"column":2},"end":{"line":14,"column":19}},"7":{"start":{"line":15,"column":2},"end":{"line":15,"column":59}}},"fnMap":{"0":{"name":"validateId","decl":{"start":{"line":4,"column":16},"end":{"line":4,"column":26}},"loc":{"start":{"line":4,"column":76},"end":{"line":17,"column":1}},"line":4}},"branchMap":{"0":{"loc":{"start":{"line":6,"column":8},"end":{"line":8,"column":9}},"type":"if","locations":[{"start":{"line":6,"column":8},"end":{"line":8,"column":9}},{"start":{},"end":{}}],"line":6},"1":{"loc":{"start":{"line":9,"column":8},"end":{"line":11,"column":9}},"type":"if","locations":[{"start":{"line":9,"column":8},"end":{"line":11,"column":9}},{"start":{},"end":{}}],"line":9}},"s":{"0":14,"1":14,"2":0,"3":14,"4":0,"5":14,"6":0,"7":0},"f":{"0":14},"b":{"0":[0,14],"1":[0,14]},"_coverageSchema":"1a1c01bbd47fc00a2c39e90264f33305004495a9","hash":"d72c00c7823da8c638a45ba836604ca5030e7c9c"}
,"/Users/manuelbenancio/Documents/Development.nosync/Projects/mercadlo@vue3/server/src/middleware/handleValidateList.ts": {"path":"/Users/manuelbenancio/Documents/Development.nosync/Projects/mercadlo@vue3/server/src/middleware/handleValidateList.ts","statementMap":{"0":{"start":{"line":6,"column":1},"end":{"line":21,"column":2}},"1":{"start":{"line":7,"column":8},"end":{"line":9,"column":9}},"2":{"start":{"line":8,"column":12},"end":{"line":8,"column":26}},"3":{"start":{"line":10,"column":8},"end":{"line":12,"column":9}},"4":{"start":{"line":11,"column":3},"end":{"line":11,"column":67}},"5":{"start":{"line":13,"column":21},"end":{"line":13,"column":92}},"6":{"start":{"line":14,"column":8},"end":{"line":16,"column":9}},"7":{"start":{"line":15,"column":3},"end":{"line":15,"column":62}},"8":{"start":{"line":17,"column":2},"end":{"line":17,"column":9}},"9":{"start":{"line":19,"column":2},"end":{"line":19,"column":19}},"10":{"start":{"line":20,"column":2},"end":{"line":20,"column":59}}},"fnMap":{"0":{"name":"validateList","decl":{"start":{"line":5,"column":22},"end":{"line":5,"column":34}},"loc":{"start":{"line":5,"column":84},"end":{"line":22,"column":1}},"line":5}},"branchMap":{"0":{"loc":{"start":{"line":7,"column":8},"end":{"line":9,"column":9}},"type":"if","locations":[{"start":{"line":7,"column":8},"end":{"line":9,"column":9}},{"start":{},"end":{}}],"line":7},"1":{"loc":{"start":{"line":10,"column":8},"end":{"line":12,"column":9}},"type":"if","locations":[{"start":{"line":10,"column":8},"end":{"line":12,"column":9}},{"start":{},"end":{}}],"line":10},"2":{"loc":{"start":{"line":14,"column":8},"end":{"line":16,"column":9}},"type":"if","locations":[{"start":{"line":14,"column":8},"end":{"line":16,"column":9}},{"start":{},"end":{}}],"line":14},"3":{"loc":{"start":{"line":14,"column":11},"end":{"line":14,"column":37}},"type":"binary-expr","locations":[{"start":{"line":14,"column":11},"end":{"line":14,"column":16}},{"start":{"line":14,"column":20},"end":{"line":14,"column":37}}],"line":14}},"s":{"0":21,"1":21,"2":10,"3":11,"4":0,"5":11,"6":11,"7":1,"8":10,"9":0,"10":0},"f":{"0":21},"b":{"0":[10,11],"1":[0,11],"2":[1,10],"3":[11,11]},"_coverageSchema":"1a1c01bbd47fc00a2c39e90264f33305004495a9","hash":"3d6fb7a996840e71c8176b7d40c8af9e0055b7d0"}
,"/Users/manuelbenancio/Documents/Development.nosync/Projects/mercadlo@vue3/server/src/middleware/handleValidateToken.ts": {"path":"/Users/manuelbenancio/Documents/Development.nosync/Projects/mercadlo@vue3/server/src/middleware/handleValidateToken.ts","statementMap":{"0":{"start":{"line":6,"column":1},"end":{"line":20,"column":2}},"1":{"start":{"line":7,"column":16},"end":{"line":7,"column":33}},"2":{"start":{"line":8,"column":2},"end":{"line":10,"column":3}},"3":{"start":{"line":9,"column":3},"end":{"line":9,"column":60}},"4":{"start":{"line":11,"column":13},"end":{"line":11,"column":40}},"5":{"start":{"line":12,"column":8},"end":{"line":14,"column":9}},"6":{"start":{"line":13,"column":3},"end":{"line":13,"column":60}},"7":{"start":{"line":15,"column":2},"end":{"line":15,"column":29}},"8":{"start":{"line":16,"column":2},"end":{"line":16,"column":9}},"9":{"start":{"line":18,"column":2},"end":{"line":18,"column":19}},"10":{"start":{"line":19,"column":2},"end":{"line":19,"column":59}}},"fnMap":{"0":{"name":"validateToken","decl":{"start":{"line":5,"column":22},"end":{"line":5,"column":35}},"loc":{"start":{"line":5,"column":86},"end":{"line":21,"column":1}},"line":5}},"branchMap":{"0":{"loc":{"start":{"line":8,"column":2},"end":{"line":10,"column":3}},"type":"if","locations":[{"start":{"line":8,"column":2},"end":{"line":10,"column":3}},{"start":{},"end":{}}],"line":8},"1":{"loc":{"start":{"line":8,"column":6},"end":{"line":8,"column":34}},"type":"binary-expr","locations":[{"start":{"line":8,"column":6},"end":{"line":8,"column":12}},{"start":{"line":8,"column":16},"end":{"line":8,"column":34}}],"line":8},"2":{"loc":{"start":{"line":12,"column":8},"end":{"line":14,"column":9}},"type":"if","locations":[{"start":{"line":12,"column":8},"end":{"line":14,"column":9}},{"start":{},"end":{}}],"line":12},"3":{"loc":{"start":{"line":12,"column":11},"end":{"line":12,"column":93}},"type":"binary-expr","locations":[{"start":{"line":12,"column":11},"end":{"line":12,"column":34}},{"start":{"line":12,"column":38},"end":{"line":12,"column":46}},{"start":{"line":12,"column":50},"end":{"line":12,"column":93}}],"line":12}},"s":{"0":21,"1":21,"2":21,"3":0,"4":21,"5":21,"6":0,"7":21,"8":21,"9":0,"10":0},"f":{"0":21},"b":{"0":[0,21],"1":[21,21],"2":[0,21],"3":[21,21,21]},"_coverageSchema":"1a1c01bbd47fc00a2c39e90264f33305004495a9","hash":"bfa3b925edf6f13b53bced319e9a7a29ff59da05"}
,"/Users/manuelbenancio/Documents/Development.nosync/Projects/mercadlo@vue3/server/src/models/list.model.ts": {"path":"/Users/manuelbenancio/Documents/Development.nosync/Projects/mercadlo@vue3/server/src/models/list.model.ts","statementMap":{"0":{"start":{"line":4,"column":19},"end":{"line":17,"column":2}},"1":{"start":{"line":19,"column":39},"end":{"line":19,"column":85}}},"fnMap":{},"branchMap":{},"s":{"0":3,"1":3},"f":{},"b":{},"_coverageSchema":"1a1c01bbd47fc00a2c39e90264f33305004495a9","hash":"0d13ee45735848fe429f9e0486b6eb611160d098"}
,"/Users/manuelbenancio/Documents/Development.nosync/Projects/mercadlo@vue3/server/src/models/product.model.ts": {"path":"/Users/manuelbenancio/Documents/Development.nosync/Projects/mercadlo@vue3/server/src/models/product.model.ts","statementMap":{"0":{"start":{"line":5,"column":21},"end":{"line":13,"column":2}},"1":{"start":{"line":15,"column":45},"end":{"line":15,"column":99}}},"fnMap":{},"branchMap":{},"s":{"0":3,"1":3},"f":{},"b":{},"_coverageSchema":"1a1c01bbd47fc00a2c39e90264f33305004495a9","hash":"fe5d72aac10993695325f46f5a050b0a666090d8"}
,"/Users/manuelbenancio/Documents/Development.nosync/Projects/mercadlo@vue3/server/src/models/user.model.ts": {"path":"/Users/manuelbenancio/Documents/Development.nosync/Projects/mercadlo@vue3/server/src/models/user.model.ts","statementMap":{"0":{"start":{"line":5,"column":18},"end":{"line":19,"column":2}},"1":{"start":{"line":21,"column":39},"end":{"line":21,"column":84}}},"fnMap":{},"branchMap":{},"s":{"0":3,"1":3},"f":{},"b":{},"_coverageSchema":"1a1c01bbd47fc00a2c39e90264f33305004495a9","hash":"8951874904589e4de8c981a3177279471415149f"}
,"/Users/manuelbenancio/Documents/Development.nosync/Projects/mercadlo@vue3/server/src/routes/list.routes.ts": {"path":"/Users/manuelbenancio/Documents/Development.nosync/Projects/mercadlo@vue3/server/src/routes/list.routes.ts","statementMap":{"0":{"start":{"line":7,"column":15},"end":{"line":7,"column":23}},"1":{"start":{"line":10,"column":0},"end":{"line":10,"column":26}},"2":{"start":{"line":11,"column":0},"end":{"line":11,"column":31}},"3":{"start":{"line":12,"column":0},"end":{"line":12,"column":30}},"4":{"start":{"line":15,"column":0},"end":{"line":15,"column":39}},"5":{"start":{"line":18,"column":0},"end":{"line":18,"column":43}},"6":{"start":{"line":21,"column":0},"end":{"line":21,"column":37}},"7":{"start":{"line":24,"column":0},"end":{"line":24,"column":42}},"8":{"start":{"line":27,"column":0},"end":{"line":27,"column":45}},"9":{"start":{"line":29,"column":26},"end":{"line":29,"column":32}}},"fnMap":{},"branchMap":{},"s":{"0":3,"1":3,"2":3,"3":3,"4":3,"5":3,"6":3,"7":3,"8":3,"9":3},"f":{},"b":{},"_coverageSchema":"1a1c01bbd47fc00a2c39e90264f33305004495a9","hash":"da9c02241e42417a5d0e2fe011834071d5522a9e"}
,"/Users/manuelbenancio/Documents/Development.nosync/Projects/mercadlo@vue3/server/src/routes/product.routes.ts": {"path":"/Users/manuelbenancio/Documents/Development.nosync/Projects/mercadlo@vue3/server/src/routes/product.routes.ts","statementMap":{"0":{"start":{"line":7,"column":15},"end":{"line":7,"column":23}},"1":{"start":{"line":11,"column":0},"end":{"line":11,"column":26}},"2":{"start":{"line":12,"column":0},"end":{"line":12,"column":40}},"3":{"start":{"line":13,"column":0},"end":{"line":13,"column":38}},"4":{"start":{"line":16,"column":0},"end":{"line":16,"column":51}},"5":{"start":{"line":19,"column":0},"end":{"line":19,"column":55}},"6":{"start":{"line":22,"column":0},"end":{"line":22,"column":49}},"7":{"start":{"line":25,"column":0},"end":{"line":25,"column":54}},"8":{"start":{"line":28,"column":0},"end":{"line":28,"column":57}},"9":{"start":{"line":30,"column":29},"end":{"line":30,"column":35}}},"fnMap":{},"branchMap":{},"s":{"0":3,"1":3,"2":3,"3":3,"4":3,"5":3,"6":3,"7":3,"8":3,"9":3},"f":{},"b":{},"_coverageSchema":"1a1c01bbd47fc00a2c39e90264f33305004495a9","hash":"c2c7dcc6ef1d6e893a8a36fc0927117d1372a875"}
,"/Users/manuelbenancio/Documents/Development.nosync/Projects/mercadlo@vue3/server/src/routes/user.routes.ts": {"path":"/Users/manuelbenancio/Documents/Development.nosync/Projects/mercadlo@vue3/server/src/routes/user.routes.ts","statementMap":{"0":{"start":{"line":4,"column":15},"end":{"line":4,"column":23}},"1":{"start":{"line":7,"column":0},"end":{"line":7,"column":50}},"2":{"start":{"line":10,"column":0},"end":{"line":10,"column":44}},"3":{"start":{"line":12,"column":26},"end":{"line":12,"column":32}}},"fnMap":{},"branchMap":{},"s":{"0":3,"1":3,"2":3,"3":3},"f":{},"b":{},"_coverageSchema":"1a1c01bbd47fc00a2c39e90264f33305004495a9","hash":"f294961210829a1bae39ab108413f0a5a8433126"}
,"/Users/manuelbenancio/Documents/Development.nosync/Projects/mercadlo@vue3/server/src/validators/user.validator.ts": {"path":"/Users/manuelbenancio/Documents/Development.nosync/Projects/mercadlo@vue3/server/src/validators/user.validator.ts","statementMap":{"0":{"start":{"line":4,"column":19},"end":{"line":4,"column":21}},"1":{"start":{"line":5,"column":1},"end":{"line":5,"column":44}},"2":{"start":{"line":6,"column":1},"end":{"line":6,"column":41}},"3":{"start":{"line":7,"column":1},"end":{"line":7,"column":53}},"4":{"start":{"line":8,"column":1},"end":{"line":8,"column":56}},"5":{"start":{"line":10,"column":1},"end":{"line":12,"column":2}},"6":{"start":{"line":11,"column":2},"end":{"line":11,"column":35}},"7":{"start":{"line":13,"column":1},"end":{"line":15,"column":2}},"8":{"start":{"line":14,"column":2},"end":{"line":14,"column":59}},"9":{"start":{"line":16,"column":1},"end":{"line":18,"column":2}},"10":{"start":{"line":17,"column":2},"end":{"line":17,"column":37}},"11":{"start":{"line":19,"column":1},"end":{"line":21,"column":2}},"12":{"start":{"line":20,"column":2},"end":{"line":20,"column":36}},"13":{"start":{"line":22,"column":1},"end":{"line":24,"column":2}},"14":{"start":{"line":23,"column":2},"end":{"line":23,"column":43}},"15":{"start":{"line":25,"column":1},"end":{"line":27,"column":2}},"16":{"start":{"line":26,"column":2},"end":{"line":26,"column":61}},"17":{"start":{"line":28,"column":1},"end":{"line":31,"column":3}},"18":{"start":{"line":35,"column":19},"end":{"line":35,"column":21}},"19":{"start":{"line":36,"column":1},"end":{"line":36,"column":44}},"20":{"start":{"line":37,"column":1},"end":{"line":37,"column":53}},"21":{"start":{"line":39,"column":1},"end":{"line":41,"column":2}},"22":{"start":{"line":40,"column":2},"end":{"line":40,"column":37}},"23":{"start":{"line":42,"column":1},"end":{"line":44,"column":2}},"24":{"start":{"line":43,"column":2},"end":{"line":43,"column":36}},"25":{"start":{"line":45,"column":1},"end":{"line":47,"column":2}},"26":{"start":{"line":46,"column":2},"end":{"line":46,"column":43}},"27":{"start":{"line":48,"column":1},"end":{"line":51,"column":3}}},"fnMap":{"0":{"name":"validateRegisterInput","decl":{"start":{"line":3,"column":16},"end":{"line":3,"column":37}},"loc":{"start":{"line":3,"column":49},"end":{"line":32,"column":1}},"line":3},"1":{"name":"validateLoginInput","decl":{"start":{"line":34,"column":16},"end":{"line":34,"column":34}},"loc":{"start":{"line":34,"column":46},"end":{"line":52,"column":1}},"line":34}},"branchMap":{"0":{"loc":{"start":{"line":5,"column":14},"end":{"line":5,"column":43}},"type":"cond-expr","locations":[{"start":{"line":5,"column":28},"end":{"line":5,"column":30}},{"start":{"line":5,"column":33},"end":{"line":5,"column":43}}],"line":5},"1":{"loc":{"start":{"line":6,"column":13},"end":{"line":6,"column":40}},"type":"cond-expr","locations":[{"start":{"line":6,"column":26},"end":{"line":6,"column":28}},{"start":{"line":6,"column":31},"end":{"line":6,"column":40}}],"line":6},"2":{"loc":{"start":{"line":7,"column":17},"end":{"line":7,"column":52}},"type":"cond-expr","locations":[{"start":{"line":7,"column":34},"end":{"line":7,"column":36}},{"start":{"line":7,"column":39},"end":{"line":7,"column":52}}],"line":7},"3":{"loc":{"start":{"line":8,"column":18},"end":{"line":8,"column":55}},"type":"cond-expr","locations":[{"start":{"line":8,"column":36},"end":{"line":8,"column":38}},{"start":{"line":8,"column":41},"end":{"line":8,"column":55}}],"line":8},"4":{"loc":{"start":{"line":10,"column":1},"end":{"line":12,"column":2}},"type":"if","locations":[{"start":{"line":10,"column":1},"end":{"line":12,"column":2}},{"start":{},"end":{}}],"line":10},"5":{"loc":{"start":{"line":13,"column":1},"end":{"line":15,"column":2}},"type":"if","locations":[{"start":{"line":13,"column":1},"end":{"line":15,"column":2}},{"start":{},"end":{}}],"line":13},"6":{"loc":{"start":{"line":16,"column":1},"end":{"line":18,"column":2}},"type":"if","locations":[{"start":{"line":16,"column":1},"end":{"line":18,"column":2}},{"start":{},"end":{}}],"line":16},"7":{"loc":{"start":{"line":19,"column":1},"end":{"line":21,"column":2}},"type":"if","locations":[{"start":{"line":19,"column":1},"end":{"line":21,"column":2}},{"start":{},"end":{}}],"line":19},"8":{"loc":{"start":{"line":22,"column":1},"end":{"line":24,"column":2}},"type":"if","locations":[{"start":{"line":22,"column":1},"end":{"line":24,"column":2}},{"start":{},"end":{}}],"line":22},"9":{"loc":{"start":{"line":25,"column":1},"end":{"line":27,"column":2}},"type":"if","locations":[{"start":{"line":25,"column":1},"end":{"line":27,"column":2}},{"start":{},"end":{}}],"line":25},"10":{"loc":{"start":{"line":36,"column":14},"end":{"line":36,"column":43}},"type":"cond-expr","locations":[{"start":{"line":36,"column":28},"end":{"line":36,"column":30}},{"start":{"line":36,"column":33},"end":{"line":36,"column":43}}],"line":36},"11":{"loc":{"start":{"line":37,"column":17},"end":{"line":37,"column":52}},"type":"cond-expr","locations":[{"start":{"line":37,"column":34},"end":{"line":37,"column":36}},{"start":{"line":37,"column":39},"end":{"line":37,"column":52}}],"line":37},"12":{"loc":{"start":{"line":39,"column":1},"end":{"line":41,"column":2}},"type":"if","locations":[{"start":{"line":39,"column":1},"end":{"line":41,"column":2}},{"start":{},"end":{}}],"line":39},"13":{"loc":{"start":{"line":42,"column":1},"end":{"line":44,"column":2}},"type":"if","locations":[{"start":{"line":42,"column":1},"end":{"line":44,"column":2}},{"start":{},"end":{}}],"line":42},"14":{"loc":{"start":{"line":45,"column":1},"end":{"line":47,"column":2}},"type":"if","locations":[{"start":{"line":45,"column":1},"end":{"line":47,"column":2}},{"start":{},"end":{}}],"line":45}},"s":{"0":4,"1":4,"2":4,"3":4,"4":4,"5":4,"6":1,"7":4,"8":1,"9":4,"10":1,"11":4,"12":1,"13":4,"14":1,"15":4,"16":1,"17":4,"18":3,"19":3,"20":3,"21":3,"22":0,"23":3,"24":0,"25":3,"26":0,"27":3},"f":{"0":4,"1":3},"b":{"0":[1,3],"1":[1,3],"2":[1,3],"3":[4,0],"4":[1,3],"5":[1,3],"6":[1,3],"7":[1,3],"8":[1,3],"9":[1,3],"10":[0,3],"11":[0,3],"12":[0,3],"13":[0,3],"14":[0,3]},"_coverageSchema":"1a1c01bbd47fc00a2c39e90264f33305004495a9","hash":"e37dc0434ddc21be125a5c02b5f31ca183a1f877"}
}
