TN:
SF:app.ts
FN:44,(anonymous_0)
FNF:1
FNH:0
FNDA:0,(anonymous_0)
DA:12,3
DA:13,3
DA:15,3
DA:16,0
DA:19,3
DA:22,3
DA:23,3
DA:26,3
DA:27,3
DA:30,3
DA:33,3
DA:34,3
DA:35,3
DA:38,3
DA:41,3
DA:43,3
DA:44,0
LF:17
LH:15
BRDA:15,0,0,0
BRDA:15,0,1,3
BRDA:23,1,0,3
BRDA:23,1,1,0
BRDA:43,2,0,0
BRDA:43,2,1,3
BRF:6
BRH:3
end_of_record
TN:
SF:src/controllers/list.controller.ts
FN:7,(anonymous_0)
FN:17,(anonymous_1)
FN:30,(anonymous_2)
FN:45,(anonymous_3)
FN:64,(anonymous_4)
FNF:5
FNH:5
FNDA:1,(anonymous_0)
FNDA:2,(anonymous_1)
FNDA:2,(anonymous_2)
FNDA:3,(anonymous_3)
FNDA:2,(anonymous_4)
DA:8,1
DA:9,1
DA:10,1
DA:12,0
DA:18,2
DA:19,2
DA:20,2
DA:21,1
DA:23,1
DA:25,0
DA:31,2
DA:32,2
DA:37,2
DA:38,1
DA:40,1
DA:46,3
DA:47,3
DA:54,2
DA:55,1
DA:57,1
DA:59,1
DA:65,2
DA:66,2
DA:67,2
DA:68,1
DA:70,1
DA:72,0
LF:27
LH:24
BRDA:20,0,0,1
BRDA:20,0,1,1
BRDA:54,1,0,1
BRDA:54,1,1,1
BRDA:67,2,0,1
BRDA:67,2,1,1
BRF:6
BRH:6
end_of_record
TN:
SF:src/controllers/product.controller.ts
FN:6,(anonymous_0)
FN:16,(anonymous_1)
FN:29,(anonymous_2)
FN:44,(anonymous_3)
FN:64,(anonymous_4)
FNF:5
FNH:5
FNDA:1,(anonymous_0)
FNDA:2,(anonymous_1)
FNDA:2,(anonymous_2)
FNDA:3,(anonymous_3)
FNDA:2,(anonymous_4)
DA:7,1
DA:8,1
DA:9,1
DA:11,0
DA:17,2
DA:18,2
DA:19,2
DA:20,1
DA:22,1
DA:24,0
DA:30,2
DA:31,2
DA:36,2
DA:37,1
DA:39,1
DA:45,3
DA:46,3
DA:54,2
DA:55,1
DA:57,1
DA:59,1
DA:65,2
DA:66,2
DA:67,2
DA:68,1
DA:70,1
DA:72,0
LF:27
LH:24
BRDA:19,0,0,1
BRDA:19,0,1,1
BRDA:54,1,0,1
BRDA:54,1,1,1
BRDA:67,2,0,1
BRDA:67,2,1,1
BRF:6
BRH:6
end_of_record
TN:
SF:src/controllers/user.controller.ts
FN:9,(anonymous_0)
FN:45,(anonymous_1)
FNF:2
FNH:2
FNDA:4,(anonymous_0)
FNDA:3,(anonymous_1)
DA:11,4
DA:12,4
DA:13,3
DA:17,1
DA:18,1
DA:19,0
DA:20,0
DA:24,1
DA:25,1
DA:29,1
DA:30,1
DA:36,1
DA:37,1
DA:39,0
DA:40,0
DA:47,3
DA:48,3
DA:49,0
DA:53,3
DA:54,3
DA:55,1
DA:59,2
DA:60,2
DA:61,1
DA:65,1
DA:70,1
LF:26
LH:21
BRDA:12,0,0,3
BRDA:12,0,1,1
BRDA:18,1,0,0
BRDA:18,1,1,1
BRDA:48,2,0,0
BRDA:48,2,1,3
BRDA:54,3,0,1
BRDA:54,3,1,2
BRDA:60,4,0,1
BRDA:60,4,1,1
BRF:10
BRH:8
end_of_record
TN:
SF:src/middleware/handle404.ts
FN:3,handle404
FNF:1
FNH:0
FNDA:0,handle404
DA:4,0
LF:1
LH:0
BRF:0
BRH:0
end_of_record
TN:
SF:src/middleware/handleCORS.ts
FN:3,handleCORS
FNF:1
FNH:1
FNDA:28,handleCORS
DA:4,28
DA:5,28
DA:6,28
DA:7,0
DA:8,0
DA:10,28
LF:6
LH:4
BRDA:6,0,0,0
BRDA:6,0,1,28
BRF:2
BRH:1
end_of_record
TN:
SF:src/middleware/handleErrors.ts
FN:3,handleErrors
FNF:1
FNH:0
FNDA:0,handleErrors
DA:4,0
DA:5,0
LF:2
LH:0
BRF:0
BRH:0
end_of_record
TN:
SF:src/middleware/handleValidateId.ts
FN:4,validateId
FNF:1
FNH:1
FNDA:14,validateId
DA:5,14
DA:6,14
DA:7,0
DA:9,14
DA:10,0
DA:12,14
DA:14,0
DA:15,0
LF:8
LH:4
BRDA:6,0,0,0
BRDA:6,0,1,14
BRDA:9,1,0,0
BRDA:9,1,1,14
BRF:4
BRH:2
end_of_record
TN:
SF:src/middleware/handleValidateList.ts
FN:5,validateList
FNF:1
FNH:1
FNDA:21,validateList
DA:6,21
DA:7,21
DA:8,10
DA:10,11
DA:11,0
DA:13,11
DA:14,11
DA:15,1
DA:17,10
DA:19,0
DA:20,0
LF:11
LH:8
BRDA:7,0,0,10
BRDA:7,0,1,11
BRDA:10,1,0,0
BRDA:10,1,1,11
BRDA:14,2,0,1
BRDA:14,2,1,10
BRDA:14,3,0,11
BRDA:14,3,1,11
BRF:8
BRH:7
end_of_record
TN:
SF:src/middleware/handleValidateToken.ts
FN:5,validateToken
FNF:1
FNH:1
FNDA:21,validateToken
DA:6,21
DA:7,21
DA:8,21
DA:9,0
DA:11,21
DA:12,21
DA:13,0
DA:15,21
DA:16,21
DA:18,0
LF:10
LH:7
BRDA:8,0,0,0
BRDA:8,0,1,21
BRDA:8,1,0,21
BRDA:8,1,1,21
BRDA:12,2,0,0
BRDA:12,2,1,21
BRDA:12,3,0,21
BRDA:12,3,1,21
BRDA:12,3,2,21
BRF:9
BRH:7
end_of_record
TN:
SF:src/models/list.model.ts
FNF:0
FNH:0
DA:4,3
DA:19,3
LF:2
LH:2
BRF:0
BRH:0
end_of_record
TN:
SF:src/models/product.model.ts
FNF:0
FNH:0
DA:5,3
DA:14,3
LF:2
LH:2
BRF:0
BRH:0
end_of_record
TN:
SF:src/models/user.model.ts
FNF:0
FNH:0
DA:5,3
DA:21,3
LF:2
LH:2
BRF:0
BRH:0
end_of_record
TN:
SF:src/routes/list.routes.ts
FNF:0
FNH:0
DA:7,3
DA:10,3
DA:11,3
DA:12,3
DA:15,3
DA:18,3
DA:21,3
DA:24,3
DA:27,3
DA:29,3
LF:10
LH:10
BRF:0
BRH:0
end_of_record
TN:
SF:src/routes/product.routes.ts
FNF:0
FNH:0
DA:7,3
DA:11,3
DA:12,3
DA:13,3
DA:16,3
DA:19,3
DA:22,3
DA:25,3
DA:28,3
DA:30,3
LF:10
LH:10
BRF:0
BRH:0
end_of_record
TN:
SF:src/routes/user.routes.ts
FNF:0
FNH:0
DA:4,3
DA:7,3
DA:10,3
DA:12,3
LF:4
LH:4
BRF:0
BRH:0
end_of_record
TN:
SF:src/validators/user.validator.ts
FN:3,validateRegisterInput
FN:34,validateLoginInput
FNF:2
FNH:2
FNDA:4,validateRegisterInput
FNDA:3,validateLoginInput
DA:4,4
DA:5,4
DA:6,4
DA:7,4
DA:8,4
DA:10,4
DA:11,1
DA:13,4
DA:14,1
DA:16,4
DA:17,1
DA:19,4
DA:20,1
DA:22,4
DA:23,1
DA:25,4
DA:26,1
DA:28,4
DA:35,3
DA:36,3
DA:37,3
DA:39,3
DA:40,0
DA:42,3
DA:43,0
DA:45,3
DA:46,0
DA:48,3
LF:28
LH:25
BRDA:5,0,0,1
BRDA:5,0,1,3
BRDA:6,1,0,1
BRDA:6,1,1,3
BRDA:7,2,0,1
BRDA:7,2,1,3
BRDA:8,3,0,4
BRDA:8,3,1,0
BRDA:10,4,0,1
BRDA:10,4,1,3
BRDA:13,5,0,1
BRDA:13,5,1,3
BRDA:16,6,0,1
BRDA:16,6,1,3
BRDA:19,7,0,1
BRDA:19,7,1,3
BRDA:22,8,0,1
BRDA:22,8,1,3
BRDA:25,9,0,1
BRDA:25,9,1,3
BRDA:36,10,0,0
BRDA:36,10,1,3
BRDA:37,11,0,0
BRDA:37,11,1,3
BRDA:39,12,0,0
BRDA:39,12,1,3
BRDA:42,13,0,0
BRDA:42,13,1,3
BRDA:45,14,0,0
BRDA:45,14,1,3
BRF:30
BRH:24
end_of_record
